<?xml version="1.0" encoding="UTF-8"?>
<testsuite xmlns:xsi="http://www.w3.org/2001/XMLSchema-instance" xsi:schemaLocation="https://maven.apache.org/surefire/maven-surefire-plugin/xsd/surefire-test-report.xsd" name="com.sap.cloud.s4hana.examples.HelloWorldServletTest" time="32.194" tests="1" errors="0" skipped="0" failures="0">
  <properties>
    <property name="java.runtime.name" value="Java(TM) SE Runtime Environment"/>
    <property name="sun.boot.library.path" value="C:\dev\sapjvm-8.1.035-windows-x64\sapjvm_8\jre\bin"/>
    <property name="java.vm.version" value="8.1.035 25.51-b13"/>
    <property name="com.sap.vm.compressedoops" value="true"/>
    <property name="java.vm.vendor" value="SAP AG"/>
    <property name="maven.multiModuleProjectDirectory" value="C:\opensap\address-manager"/>
    <property name="java.vendor.url" value="http://www.sap.com/"/>
    <property name="path.separator" value=";"/>
    <property name="guice.disable.misplaced.annotation.check" value="true"/>
    <property name="java.vm.name" value="SAP Java Server VM"/>
    <property name="file.encoding.pkg" value="sun.io"/>
    <property name="user.script" value=""/>
    <property name="user.country" value="GB"/>
    <property name="sun.java.launcher" value="SAP_STANDARD"/>
    <property name="sun.os.patch.level" value=""/>
    <property name="java.vm.compressedOopsMode" value="32-bits Oops"/>
    <property name="java.vm.specification.name" value="Java Virtual Machine Specification"/>
    <property name="user.dir" value="C:\opensap\address-manager"/>
    <property name="com.sap.vm.codeline" value="81_REL"/>
    <property name="java.runtime.version" value="8.1.035"/>
    <property name="java.awt.graphicsenv" value="sun.awt.Win32GraphicsEnvironment"/>
    <property name="java.endorsed.dirs" value="C:\dev\sapjvm-8.1.035-windows-x64\sapjvm_8\jre\lib\endorsed"/>
    <property name="os.arch" value="amd64"/>
    <property name="java.io.tmpdir" value="C:\Users\I062989\AppData\Local\Temp\"/>
    <property name="line.separator" value="&#10;"/>
    <property name="java.vm.specification.vendor" value="Oracle Corporation"/>
    <property name="user.variant" value=""/>
    <property name="os.name" value="Windows 10"/>
    <property name="com.sap.vm.type" value="opt"/>
    <property name="classworlds.conf" value="C:\Users\I062989\eclipse-workspace\.metadata\.plugins\org.eclipse.m2e.launching\launches\m2conf6452835573050998478.tmp"/>
    <property name="sun.jnu.encoding" value="Cp1252"/>
    <property name="java.library.path" value="C:\dev\sapjvm-8.1.035-windows-x64\sapjvm_8\bin;C:\WINDOWS\Sun\Java\bin;C:\WINDOWS\system32;C:\WINDOWS;C:/Program Files/Java/jre1.8.0_181/bin/server;C:/Program Files/Java/jre1.8.0_181/bin;C:/Program Files/Java/jre1.8.0_181/lib/amd64;C:\Program Files (x86)\Common Files\Oracle\Java\javapath;C:\ProgramData\Oracle\Java\javapath;C:\SAP\OCS-16_0\lib3p64;C:\SAP\OCS-16_0\lib3p;C:\SAP\OCS-16_0\dll;C:\SAP\OCS-16_0\bin;C:\Program Files\Java\jdk1.8.0_152\bin;C:\Program Files (x86)\Intel\iCLS Client\;C:\Program Files\Intel\iCLS Client\;C:\openssldir;C:\Perl64\site\bin;C:\Perl64\bin;c:\windows\system32;c:\windows;c:\windows\system32\wbem;c:\windows\system32\windowspowershell\v1.0\;c:\windows\ccm;c:\program files\idm computer solutions\ultraedit;c:\program files\sql anywhere 12\bin64;c:\program files\sql anywhere 12\bin32;c:\program files (x86)\windows live\shared;C:\WINDOWS\system32;C:\WINDOWS;C:\WINDOWS\System32\Wbem;C:\WINDOWS\System32\WindowsPowerShell\v1.0\;C:\MinGW\bin;C:\Program Files\Microsoft SQL Server\110\Tools\Binn\;C:\Program Files\Microsoft SQL Server\120\Tools\Binn\;C:\cygwin64\bin;C:\Program Files\Common Files\Advantage\;C:\Program Files\PuTTY\;C:\Program Files (x86)\Intel\Intel(R) Management Engine Components\DAL;C:\Program Files\Intel\Intel(R) Management Engine Components\DAL;C:\Program Files (x86)\Intel\Intel(R) Management Engine Components\IPT;C:\Program Files\Intel\Intel(R) Management Engine Components\IPT;C:\PHP;C:\Program Files\SQL Anywhere 17\bin64;C:\Program Files\SQL Anywhere 17\bin32;C:\WINDOWS\system32\config\systemprofile\.dnx\bin;C:\Program Files\Microsoft DNX\Dnvm\;C:\Program Files (x86)\Windows Kits\8.1\Windows Performance Toolkit\;C:\Program Files\Microsoft SQL Server\130\Tools\Binn\;C:\Program Files\Git\cmd;C:\Program Files (x86)\Google\Chrome\;C:\Program Files\SQL Anywhere 16\bin64;C:\Program Files\SQL Anywhere 16\bin32;C:\Program Files\Intel\WiFi\bin\;C:\Program Files\Common Files\Intel\WirelessCommon\;C:\apache-maven-3.6.0\bin;C:\Users\I062989\Documents\IDM Computer Solutions\UltraEdit;C:\Users\I062989\AppData\Local\Microsoft\WindowsApps;C:\Program Files\IDM Computer Solutions\UltraEdit;C:\Program Files\Intel\WiFi\bin\;C:\Program Files\Common Files\Intel\WirelessCommon\;C:\Users\I062989\OneDrive - SAP SE\Desktop;;."/>
    <property name="com.sap.vm.version" value="10"/>
    <property name="java.specification.name" value="Java Platform API Specification"/>
    <property name="java.class.version" value="52.0"/>
    <property name="sun.management.compiler" value="HotSpot 64-Bit Tiered Compilers"/>
    <property name="os.version" value="10.0"/>
    <property name="user.home" value="C:\Users\I062989"/>
    <property name="user.timezone" value="Europe/London"/>
    <property name="java.awt.printerjob" value="sun.awt.windows.WPrinterJob"/>
    <property name="java.specification.version" value="1.8"/>
    <property name="file.encoding" value="UTF-8"/>
    <property name="user.name" value="i062989"/>
    <property name="java.class.path" value="/C:/Eclipse/eclipse/../../Users/I062989/.p2/pool/plugins/org.eclipse.m2e.maven.runtime_1.8.0.20170516-2042/jars/plexus-classworlds-2.5.2.jar"/>
    <property name="java.vm.specification.version" value="1.8"/>
    <property name="sun.arch.data.model" value="64"/>
    <property name="java.home" value="C:\dev\sapjvm-8.1.035-windows-x64\sapjvm_8\jre"/>
    <property name="java.specification.vendor" value="Oracle Corporation"/>
    <property name="user.language" value="en"/>
    <property name="awt.toolkit" value="sun.awt.windows.WToolkit"/>
    <property name="java.vm.info" value="Nov 29 2017 11:24:27 - 81_REL - optU - windows amd64 - 6 - bas2:297759 (mixed mode)"/>
    <property name="java.version" value="1.8.0_152"/>
    <property name="java.ext.dirs" value="C:\dev\sapjvm-8.1.035-windows-x64\sapjvm_8\jre\lib\ext-sap;C:\dev\sapjvm-8.1.035-windows-x64\sapjvm_8\jre\lib\ext;C:\WINDOWS\Sun\Java\lib\ext"/>
    <property name="sun.boot.class.path" value="C:\dev\sapjvm-8.1.035-windows-x64\sapjvm_8\jre\lib\resources.jar;C:\dev\sapjvm-8.1.035-windows-x64\sapjvm_8\jre\lib\rt.jar;C:\dev\sapjvm-8.1.035-windows-x64\sapjvm_8\jre\lib\sunrsasign.jar;C:\dev\sapjvm-8.1.035-windows-x64\sapjvm_8\jre\lib\jsse.jar;C:\dev\sapjvm-8.1.035-windows-x64\sapjvm_8\jre\lib\jce.jar;C:\dev\sapjvm-8.1.035-windows-x64\sapjvm_8\jre\lib\charsets.jar;C:\dev\sapjvm-8.1.035-windows-x64\sapjvm_8\jre\lib\jfr.jar;C:\dev\sapjvm-8.1.035-windows-x64\sapjvm_8\jre\classes"/>
    <property name="java.vendor" value="SAP AG"/>
    <property name="maven.home" value="C:\opensap\address-manager\EMBEDDED"/>
    <property name="file.separator" value="\"/>
    <property name="java.vendor.url.bug" value="https://support.sap.com"/>
    <property name="sun.cpu.endian" value="little"/>
    <property name="sun.io.unicode.encoding" value="UnicodeLittle"/>
    <property name="com.sap.vm.profilingserver" value="true"/>
    <property name="sun.desktop" value="windows"/>
    <property name="sun.cpu.isalist" value="amd64"/>
  </properties>
  <testcase name="testService" classname="com.sap.cloud.s4hana.examples.HelloWorldServletTest" time="6.242"/>
</testsuite>